MIME-Version: 1.0
Content-Type: multipart/mixed; boundary="===============0418212199876781503=="
Subject: =?utf-8?b?0KfQtdC6INC/0L4g0LfQsNC60LDQt9GD?= #6
From: webshop@example.com
To: ilusanik16@gmail.com
Date: Sun, 17 May 2026 21:18:05 +0000
Message-ID: <177905268548.18132.8265281624591481787@Monster>

--===============0418212199876781503==
Content-Type: text/plain; charset="utf-8"
Content-Transfer-Encoding: 8bit

Здравствуйте, ilya!

Ваш заказ #6 оформлен.
Сумма заказа: 198.24 BYN.
Чек прикреплен к письму.

--===============0418212199876781503==
Content-Type: application/vnd.openxmlformats-officedocument.spreadsheetml.sheet
Content-Transfer-Encoding: base64
Content-Disposition: attachment; filename="receipt_order_6.xlsx"
MIME-Version: 1.0

UEsDBBQAAAAIAEICslxGx01IlQAAAM0AAAAQAAAAZG9jUHJvcHMvYXBwLnhtbE3PTQvCMAwG4L9S
dreZih6kDkQ9ip68zy51hbYpbYT67+0EP255ecgboi6JIia2mEXxLuRtMzLHDUDWI/o+y8qhiqHk
e64x3YGMsRoPpB8eA8OibdeAhTEMOMzit7Dp1C5GZ3XPlkJ3sjpRJsPiWDQ6sScfq9wcChDneiU+
ixNLOZcrBf+LU8sVU57mym/8ZAW/B7oXUEsDBBQAAAAIAEICslxe2ruV6wAAAMsBAAARAAAAZG9j
UHJvcHMvY29yZS54bWylkcFOwzAMhl9l6r110mkDRV0uIE4gITEJxC1yvK1ak0aJUbu3py1bB4Ib
x/j//NlWKgwK20jPsQ0Uuaa06F3jk8KwyQ7MQQEkPJAzqRgIP4S7NjrDwzPuIRg8mj1BKcQaHLGx
hg2MwjzMxuystDgrw0dsJoFFoIYceU4gCwlXlim69GfDlMxkn+qZ6rqu6JYTN2wk4e3p8WVaPq99
YuORMl1ZVBjJcBv1eFE49U0F34rVefZXgeximKD4FGiTXZLX5d399iHTpSjXuVjl8mZbSiVvlVi9
j64f/Veha229q/9hvAh0Bb/+TX8CUEsDBBQAAAAIAEICslyZXJwjEAYAAJwnAAATAAAAeGwvdGhl
bWUvdGhlbWUxLnhtbO1aW3PaOBR+76/QeGf2bQvGNoG2tBNzaXbbtJmE7U4fhRFYjWx5ZJGEf79H
NhDLlg3tkk26mzwELOn7zkVH5+g4efPuLmLohoiU8nhg2S/b1ru3L97gVzIkEUEwGaev8MAKpUxe
tVppAMM4fckTEsPcgosIS3gUy9Zc4FsaLyPW6rTb3VaEaWyhGEdkYH1eLGhA0FRRWm9fILTlHzP4
FctUjWWjARNXQSa5iLTy+WzF/NrePmXP6TodMoFuMBtYIH/Ob6fkTlqI4VTCxMBqZz9Wa8fR0kiA
gsl9lAW6Sfaj0xUIMg07Op1YznZ89sTtn4zK2nQ0bRrg4/F4OLbL0otwHATgUbuewp30bL+kQQm0
o2nQZNj22q6RpqqNU0/T933f65tonAqNW0/Ta3fd046Jxq3QeA2+8U+Hw66JxqvQdOtpJif9rmuk
6RZoQkbj63oSFbXlQNMgAFhwdtbM0gOWXin6dZQa2R273UFc8FjuOYkR/sbFBNZp0hmWNEZynZAF
DgA3xNFMUHyvQbaK4MKS0lyQ1s8ptVAaCJrIgfVHgiHF3K/99Ze7yaQzep19Os5rlH9pqwGn7bub
z5P8c+jkn6eT101CznC8LAnx+yNbYYcnbjsTcjocZ0J8z/b2kaUlMs/v+QrrTjxnH1aWsF3Pz+Se
jHIju932WH32T0duI9epwLMi15RGJEWfyC265BE4tUkNMhM/CJ2GmGpQHAKkCTGWoYb4tMasEeAT
fbe+CMjfjYj3q2+aPVehWEnahPgQRhrinHPmc9Fs+welRtH2Vbzco5dYFQGXGN80qjUsxdZ4lcDx
rZw8HRMSzZQLBkGGlyQmEqk5fk1IE/4rpdr+nNNA8JQvJPpKkY9psyOndCbN6DMawUavG3WHaNI8
ev4F+Zw1ChyRGx0CZxuzRiGEabvwHq8kjpqtwhErQj5iGTYacrUWgbZxqYRgWhLG0XhO0rQR/Fms
NZM+YMjszZF1ztaRDhGSXjdCPmLOi5ARvx6GOEqa7aJxWAT9nl7DScHogstm/bh+htUzbCyO90fU
F0rkDyanP+kyNAejmlkJvYRWap+qhzQ+qB4yCgXxuR4+5Xp4CjeWxrxQroJ7Af/R2jfCq/iCwDl/
Ln3Ppe+59D2h0rc3I31nwdOLW95GblvE+64x2tc0LihjV3LNyMdUr5Mp2DmfwOz9aD6e8e362SSE
r5pZLSMWkEuBs0EkuPyLyvAqxAnoZFslCctU02U3ihKeQhtu6VP1SpXX5a+5KLg8W+Tpr6F0PizP
+Txf57TNCzNDt3JL6raUvrUmOEr0scxwTh7LDDtnPJIdtnegHTX79l125COlMFOXQ7gaQr4Dbbqd
3Do4npiRuQrTUpBvw/npxXga4jnZBLl9mFdt59jR0fvnwVGwo+88lh3HiPKiIe6hhpjPw0OHeXtf
mGeVxlA0FG1srCQsRrdguNfxLBTgZGAtoAeDr1EC8lJVYDFbxgMrkKJ8TIxF6HDnl1xf49GS49um
ZbVuryl3GW0iUjnCaZgTZ6vK3mWxwVUdz1Vb8rC+aj20FU7P/lmtyJ8MEU4WCxJIY5QXpkqi8xlT
vucrScRVOL9FM7YSlxi84+bHcU5TuBJ2tg8CMrm7Oal6ZTFnpvLfLQwJLFuIWRLiTV3t1eebnK56
Inb6l3fBYPL9cMlHD+U751/0XUOufvbd4/pukztITJx5xREBdEUCI5UcBhYXMuRQ7pKQBhMBzZTJ
RPACgmSmHICY+gu98gy5KRXOrT45f0Usg4ZOXtIlEhSKsAwFIRdy4+/vk2p3jNf6LIFthFQyZNUX
ykOJwT0zckPYVCXzrtomC4Xb4lTNuxq+JmBLw3punS0n/9te1D20Fz1G86OZ4B6zh3OberjCRaz/
WNYe+TLfOXDbOt4DXuYTLEOkfsF9ioqAEativrqvT/klnDu0e/GBIJv81tuk9t3gDHzUq1qlZCsR
P0sHfB+SBmOMW/Q0X48UYq2msa3G2jEMeYBY8wyhZjjfh0WaGjPVi6w5jQpvQdVA5T/b1A1o9g00
HJEFXjGZtjaj5E4KPNz+7w2wwsSO4e2LvwFQSwMEFAAAAAgAQgKyXDMJYI/RAwAApQsAABgAAAB4
bC93b3Jrc2hlZXRzL3NoZWV0MS54bWylls9v2zYUx/8VQjtHEuUfsQPbWBp3aw8FumRbz7JN21ok
0ZPouL05DYYWaA8btsNQoCjaQ3d1sxr13Mz9F6j/aI+UIkuuqBQYAsWSHr+P7/PeI8XWjAan4ZgQ
hh56rh+2tTFjkwPDCPtj4tmhTifEB8uQBp7N4DEYGeEkIPZAijzXsEyzbni242udlnx3P+i06JS5
jk/uByicep4dPLpFXDpra1i7fnHsjMZMvjA6rYk9IieE/TABATwaqZ+B4xE/dKiPAjJsa4f4oItr
UiKH/OiQWZi5R4KmR+mpeLg7aGumCIq4pM+EDxt+zsgRcV3hCkL5OfGqbWcVyuz9tftvZAIgvp4d
kiPqPnAGbNzWGhoakKE9ddkxnd0hCVQcYp+6ofyPZvHgCrzvT0NGvUQNE3uOH//aD6+zkVFglcJK
FNYXKyqJovLFimqiqMbpiXFkMro2szutgM5QIIaDO3EjUyrlkAPHFw1wwgKwOqBjHf4XX/I14p/4
BvEPfMHXcH2ILtBX9ZbBYAIxzOjDBY5T75XUe0Xl9xXf8HV0AY4X0WOY42P0PO9Q6m+p9I77yC4J
oJoGUFU4uA3d7xbNqBI47jS0fecU178eCa3ep15JBLU0gpoqBb/y99GcL6NzxN/zTXQOeVjwS8jw
qigulRv3J/8sLAmkngZSVwXyh6zBIlNgvigKQeUA7+tmTbdMq44sfIAbJdE00mgasu8sVUxvoD8u
Ia55USA3aF+A9iNfRU9EcoHskm8KvBzd4OUtdOW/hYno3qB8DX19BX+LkkQ000Q0FW7u0F7PmYaI
/y6WB1yX0TO+RNE58CyBbYVOHny7Z9YQfxVdRE+BV7CuVP0TTyM2/LNOrWWcZTORtVmWXsN5ezdr
xxgGbB3koLC53VbM/4WFscSCreZZNI+eq6CSWZLIdqhyRqui71Kp7XmozF6p2iZTqJewet7BYp4j
0bvQh1dybSW9KDCiX7asS/4P0B7umbgQDpfBZY2WqVdqu3TqAXk8a4un6ugCPI2/ltX7BAW75oku
NMR/g6q9E8uPrwuhrDKonNHS8WdQ6gF5qO0XCKs+IQqouDKLPUEGFVxABVewP8O2qMULzirEqpRh
5YwNvdncxVIPyGNtv2tY9Z26d3jy/e1jdPc7ZKEtTlyjDaBciYLNoUjrmA1Vq/uFRNUyopwRf760
lPY8T/qVPBIHmrI99U9YRRv+d+FO3s2Jk0mbDd2q7kxrZA5C4vh6zw5Gjh8ilwxBaOr74CeIj4Px
A6MTeTbqUQZHLXk7hmM0CcQAsA8pZemDOG+lJ/POf1BLAwQUAAAACABCArJcoDVHUm8CAABICwAA
DQAAAHhsL3N0eWxlcy54bWzdVtuOmzAQ/RXkDyghtChUIQ9FilSprVbafeirCSax5As1ZpX06+ux
nZDsZli1al8KCoznzJmLZyyyHuxJsMcDYzY5SqGGihys7T+m6bA7MEmHd7pnyiGdNpJatzT7dOgN
o+0AJCnS5WJRpJJyRTZrNcqttEOy06OyFVmQJN2sO60mVU6CwtlSyZJnKipSU8Ebw4MxlVycgn7p
NTsttEmsy4ZVJPOq4WcwyOISUo2+JFfaeG0awoRnEwm39PdvGEbEvwZnwYW4FLIkQbFZ99RaZtTW
LQLJa19jUX469a6QvaGnbPmBXDH8y4VptGmZuQTKyFm1WQvWWWAYvj94weoeXo22VkuQWk73WtGQ
yZkWBed7x4R4hJZ/724CHLsk9O5z69sGFZ9Fl1UUg5u4gADX7oLzK7/5n/nt+bO2n0ZXkPLrH6O2
7MGwjh/9+thNCWDus3/rfvl33Kdxw67actOUizaBs1KRb3AGxZWPZuTCchVXB962TL3ujfNvaeNO
+U0AZ9Wyjo7CPl3AikzyV9byUZYXqwcoLFpN8hcYxKyYDqoLxlXLjqyt49LsGy8mTnBh4+UZL6Gt
vxAIZQUQgQBEY6FpoKzAQ2P9j3Wt8LoCiGa4ug+tcNYKZwXeXaj2NxoLYZXuQkouyzwvCnR76/p+
GjW6h0UBP8QhmiFw0FgQ7Xd3fmYAZsbmjdlAuzw7NmjJMyOKljyz8wAhewicskQGAI0FHLQp6ERB
EkgsGDWElefQZzRD9JjPQGWJQjCkyPQWBbZRBdxIv9BDlOdliUAAImnkOQrBgZ2B0DQgERTK8/Ah
ffE9S8/fuXT677z5BVBLAwQUAAAACABCArJct0frisAAAAAWAgAACwAAAF9yZWxzLy5yZWxznZJL
bgIxDECvEmVfTKnEAjGs2LBDiAu4ieejmcSRY8T09o3YwCBoEUv/np4trw80oHYcc9ulbMYwxFzZ
VjWtALJrKWCecaJYKjVLQC2hNJDQ9dgQLObzJcgtw27Wt0xz/En0CpHrunO0ZXcKFPUB+K7DmiNK
Q1rZcYAzS//N3M8K1Jqdr6zs/Kc18KbM8/UgkKJHRXAs9JGkTIt2lK8+nt2+pPOlY2K0eN/o//PQ
qBQ9+b+dMKWJ0tdFCSZvsPkFUEsDBBQAAAAIAEICslwe3hf5MwEAACoCAAAPAAAAeGwvd29ya2Jv
b2sueG1sjZDRTsMwDEV/pcoH0G6CSUwrL0zAJARoQ3tPU3e1lsSV422wrydpKUzihSfH19bJvV6c
iPcV0T77cNaHOZeqFenmeR5MC06HK+rAx1lD7LTElnc5NQ0aWJI5OPCST4tiljNYLUg+tNgFNdD+
wwodg65DCyDODiin0au7xejsjbP8siMBk35KalK2CKfwu5Da7IgBK7Qon6Xq3xZU5tCjwzPUpSpU
Flo6PRHjmbxouzFM1pZqMgy2wILmj7xJNt91FXpFdLVOmUs1KyKwQQ7Sb/R8HU0eIS4P3UHoAa0A
L7XAI9OhQ7/rMTFGfpGjP8VYM68dlGoNBrCTZCKKq3owJJF0EY/nGAe8qr+ZI6iGBj3UL5EU0iDG
MvGmqfSk6fXN5DbaP1h7H7VX/0y6/nE2nvXuC1BLAwQUAAAACABCArJcM+vjuq0AAAD7AQAAGgAA
AHhsL19yZWxzL3dvcmtib29rLnhtbC5yZWxztZE9DoMwDIWvEuUAGKjUoQKmLqwVF4iC+RGBRLGr
wu0bwQBIHbowWc+Wv/dkZy80ins7Udc7EvNoJsplx+weAKQ7HBVF1uEUJo31o+IgfQtO6UG1CGkc
38EfGbLIjkxRLQ7/Idqm6TU+rX6POPEPMHysH6hDZCkq5VvkXMJs9jbBWpIokKUo61z6sk6kgMsS
ES8GaY+z6ZN/eqU/h13c7Ve5Nc9HuK0h4PTr4gtQSwMEFAAAAAgAQgKyXJuGQoQbAQAA1wMAABMA
AABbQ29udGVudF9UeXBlc10ueG1srZPPTsMwDMZfpep1ajM4cEDrLowr7MALhMRdo+afYm90b4/b
skqgsQ2VS6PG9vdz/CWrt2MEzDpnPVZ5QxQfhUDVgJNYhgieI3VIThL/pp2IUrVyB+J+uXwQKngC
TwX1Gvl6tYFa7i1lzx1vowm+yhNYzLOnMbFnVbmM0RoliePi4PUPSvFFKLlyyMHGRFxwQp6Js4gh
9CvhVPh6gJSMhmwrE71Ix2miswLpaAHLyxpnugx1bRTooPaOS0qMCaTGBoCcLUfRxRU08ZBh/N7N
bmCQuUjk1G0KEdm1BH/nnWzpq4vIQpDIXDnkhGTt2SeE3nEN+lY4T/gjpHbwBMWwzB/zd58n/Vsa
eQ+h/e971q+lk8ZPDYjhPa8/AVBLAQIUABQAAAAIAEICslxGx01IlQAAAM0AAAAQAAAAAAAAAAAA
AACAAQAAAABkb2NQcm9wcy9hcHAueG1sUEsBAhQAFAAAAAgAQgKyXF7au5XrAAAAywEAABEAAAAA
AAAAAAAAAIABwwAAAGRvY1Byb3BzL2NvcmUueG1sUEsBAhQAFAAAAAgAQgKyXJlcnCMQBgAAnCcA
ABMAAAAAAAAAAAAAAIAB3QEAAHhsL3RoZW1lL3RoZW1lMS54bWxQSwECFAAUAAAACABCArJcMwlg
j9EDAAClCwAAGAAAAAAAAAAAAAAAtoEeCAAAeGwvd29ya3NoZWV0cy9zaGVldDEueG1sUEsBAhQA
FAAAAAgAQgKyXKA1R1JvAgAASAsAAA0AAAAAAAAAAAAAAIABJQwAAHhsL3N0eWxlcy54bWxQSwEC
FAAUAAAACABCArJct0frisAAAAAWAgAACwAAAAAAAAAAAAAAgAG/DgAAX3JlbHMvLnJlbHNQSwEC
FAAUAAAACABCArJcHt4X+TMBAAAqAgAADwAAAAAAAAAAAAAAgAGoDwAAeGwvd29ya2Jvb2sueG1s
UEsBAhQAFAAAAAgAQgKyXDPr47qtAAAA+wEAABoAAAAAAAAAAAAAAIABCBEAAHhsL19yZWxzL3dv
cmtib29rLnhtbC5yZWxzUEsBAhQAFAAAAAgAQgKyXJuGQoQbAQAA1wMAABMAAAAAAAAAAAAAAIAB
7REAAFtDb250ZW50X1R5cGVzXS54bWxQSwUGAAAAAAkACQA+AgAAORMAAAAA

--===============0418212199876781503==--

-------------------------------------------------------------------------------
